0 info it worked if it ends with ok
1 verbose cli [ 'node', '/usr/local/bin/npm', 'publish' ]
2 info using npm@1.4.23
3 info using node@v0.10.31
4 verbose publish [ '.' ]
5 verbose cache add [ '.', null ]
6 verbose cache add name=undefined spec="." args=[".",null]
7 verbose parsed url { protocol: null,
7 verbose parsed url   slashes: null,
7 verbose parsed url   auth: null,
7 verbose parsed url   host: null,
7 verbose parsed url   port: null,
7 verbose parsed url   hostname: null,
7 verbose parsed url   hash: null,
7 verbose parsed url   search: null,
7 verbose parsed url   query: null,
7 verbose parsed url   pathname: '.',
7 verbose parsed url   path: '.',
7 verbose parsed url   href: '.' }
8 silly lockFile 3a52ce78- .
9 verbose lock . /Users/liuxijin/.npm/3a52ce78-.lock
10 verbose tar pack [ '/Users/liuxijin/.npm/injecting/1.0.3/package.tgz', '.' ]
11 verbose tarball /Users/liuxijin/.npm/injecting/1.0.3/package.tgz
12 verbose folder .
13 info prepublish injecting@1.0.3
14 silly lockFile 1f1177db-tar tar://.
15 verbose lock tar://. /Users/liuxijin/.npm/1f1177db-tar.lock
16 silly lockFile fe9f1d70--npm-injecting-1-0-3-package-tgz tar:///Users/liuxijin/.npm/injecting/1.0.3/package.tgz
17 verbose lock tar:///Users/liuxijin/.npm/injecting/1.0.3/package.tgz /Users/liuxijin/.npm/fe9f1d70--npm-injecting-1-0-3-package-tgz.lock
18 silly lockFile 1f1177db-tar tar://.
19 silly lockFile 1f1177db-tar tar://.
20 silly lockFile fe9f1d70--npm-injecting-1-0-3-package-tgz tar:///Users/liuxijin/.npm/injecting/1.0.3/package.tgz
21 silly lockFile fe9f1d70--npm-injecting-1-0-3-package-tgz tar:///Users/liuxijin/.npm/injecting/1.0.3/package.tgz
22 silly lockFile 209260c1-ijin-npm-injecting-1-0-3-package /Users/liuxijin/.npm/injecting/1.0.3/package
23 verbose lock /Users/liuxijin/.npm/injecting/1.0.3/package /Users/liuxijin/.npm/209260c1-ijin-npm-injecting-1-0-3-package.lock
24 silly lockFile 209260c1-ijin-npm-injecting-1-0-3-package /Users/liuxijin/.npm/injecting/1.0.3/package
25 silly lockFile 209260c1-ijin-npm-injecting-1-0-3-package /Users/liuxijin/.npm/injecting/1.0.3/package
26 silly lockFile 3a52ce78- .
27 silly lockFile 3a52ce78- .
28 silly publish { name: 'injecting',
28 silly publish   version: '1.0.3',
28 silly publish   description: 'a simple javascript dependency injection module',
28 silly publish   main: 'index.js',
28 silly publish   directories: { test: 'tests' },
28 silly publish   dependencies: { invariant: '^1.0.2', lodash: '^2.4.1' },
28 silly publish   devDependencies: { mocha: '^2.1.0' },
28 silly publish   scripts: { test: 'mocha tests', 'test-watch': 'mocha -w tests' },
28 silly publish   keywords: [ 'di', 'dependency', 'injection', 'dependency injection' ],
28 silly publish   repository: { type: 'git', url: 'https://github.com/ssnau/injecting' },
28 silly publish   author: { name: 'ssnau' },
28 silly publish   license: 'ISC',
28 silly publish   readme: 'Injecting\n---------\n\nA simple javascript dependency inject processor.\n\n\nExample\n------\nsimple injection:\n```javascript\napp.constant(\'name\', \'jack\');\napp.service(\'person\', function(name) {\n    this.name = name;\n});\n\napp.invoke(function(person) {\n    console.log(person.name); // jack\n});\n```\n\nrecursive injection:\n```javascript\napp.constant(\'place\', \'pacific\');\napp.service(\'cat\', function() {\n    this.name = "white cat";\n});\napp.service(\'person\', function(cat) {\n    this.name = "robot";\n    this.pet = cat;\n});\napp.service(\'story\', function(place, person){\n    return {\n        place: place,\n        person: person.name,\n        pet: person.pet.name\n    };\n});\napp.invoke(function(story){\n    console.log(story);\n    /* should be\n    {\n        place: \'pacific\',\n        person: \'robot\',\n        pet: \'white cat\'\n    };\n    */\n});\n\n```\n\nmethods\n------\n###constant(name, value)\n\nregister a constant as dependency.\n\n###service(name, constructor)\n\nregister a service as dependency. notice you have to pass a function for it. `injecting` will call the constructor and return the instance the first time you inject. It will return the same instance for later use.\n\n###invoke(fn)\n\ninvoke a function and automatically inject for its arguments.\n\n###get(name)\n\nget a particular injection.\n\n\nLicense\n-----\nMIT\n',
28 silly publish   readmeFilename: 'README.md',
28 silly publish   gitHead: 'c33245fb72c2af1c2fd1bad36c7000efa4fadbe1',
28 silly publish   bugs: { url: 'https://github.com/ssnau/injecting/issues' },
28 silly publish   homepage: 'https://github.com/ssnau/injecting',
28 silly publish   _id: 'injecting@1.0.3',
28 silly publish   _shasum: '8e484cf72126f9f798ec14998970e608be4b57ca',
28 silly publish   _from: '.' }
29 verbose request where is /injecting
30 verbose request registry https://registry.npmjs.org/
31 verbose request id 3f77d25190b46d89
32 verbose url raw /injecting
33 verbose url resolving [ 'https://registry.npmjs.org/', './injecting' ]
34 verbose url resolved https://registry.npmjs.org/injecting
35 verbose request where is https://registry.npmjs.org/injecting
36 info trying registry request attempt 1 at 00:17:30
37 http PUT https://registry.npmjs.org/injecting
38 http 403 https://registry.npmjs.org/injecting
39 verbose headers { date: 'Fri, 09 Jan 2015 16:17:32 GMT',
39 verbose headers   server: 'CouchDB/1.5.0 (Erlang OTP/R16B03)',
39 verbose headers   'content-type': 'application/json',
39 verbose headers   'cache-control': 'max-age=60',
39 verbose headers   'content-length': '4053',
39 verbose headers   'accept-ranges': 'bytes',
39 verbose headers   via: '1.1 varnish',
39 verbose headers   'x-served-by': 'cache-ty68-TYO',
39 verbose headers   'x-cache': 'MISS',
39 verbose headers   'x-cache-hits': '0',
39 verbose headers   'x-timer': 'S1420820252.234808,VS0,VE140',
39 verbose headers   'keep-alive': 'timeout=10, max=50',
39 verbose headers   connection: 'Keep-Alive' }
40 error publish Failed PUT 403
41 error Error: forbidden cannot modify pre-existing version: 1.0.3
41 error old={"name":"injecting","version":"1.0.3","description":"a simple javascript dependency injection module","main":"index.js","directories":{"test":"tests"},"dependencies":{"invariant":"^1.0.2","lodash":"^2.4.1"},"devDependencies":{"mocha":"^2.1.0"},"scripts":{"test":"mocha tests","test-watch":"mocha -w tests"},"keywords":["di","dependency","injection","dependency injection"],"repository":{"type":"git","url":"https://www.npmjs.com/package/injecting"},"author":{"name":"ssnau"},"license":"ISC","gitHead":"3eb4c5c74aeeeaf8e824877cebf12830a9d87c96","_id":"injecting@1.0.3","_shasum":"f6a9a0d4892d2e7d5bf4f42095320223fe69d866","_from":".","_npmVersion":"1.4.23","_npmUser":{"name":"ssnau","email":"korige@gmail.com"},"maintainers":[{"name":"ssnau","email":"korige@gmail.com"}],"dist":{"shasum":"f6a9a0d4892d2e7d5bf4f42095320223fe69d866","tarball":"http://registry.npmjs.org/injecting/-/injecting-1.0.3.tgz"}}
41 error new={"name":"injecting","version":"1.0.3","description":"a simple javascript dependency injection module","main":"index.js","directories":{"test":"tests"},"dependencies":{"invariant":"^1.0.2","lodash":"^2.4.1"},"devDependencies":{"mocha":"^2.1.0"},"scripts":{"test":"mocha tests","test-watch":"mocha -w tests"},"keywords":["di","dependency","injection","dependency injection"],"repository":{"type":"git","url":"https://github.com/ssnau/injecting"},"author":{"name":"ssnau"},"license":"ISC","readme":"Injecting\u000a---------\u000a\u000aA simple javascript dependency inject processor.\u000a\u000a\u000aExample\u000a------\u000asimple injection:\u000a```javascript\u000aapp.constant('name', 'jack');\u000aapp.service('person', function(name) {\u000a    this.name = name;\u000a});\u000a\u000aapp.invoke(function(person) {\u000a    console.log(person.name); // jack\u000a});\u000a```\u000a\u000arecursive injection:\u000a```javascript\u000aapp.constant('place', 'pacific');\u000aapp.service('cat', function() {\u000a    this.name = \"white cat\";\u000a});\u000aapp.service('person', function(cat) {\u000a    this.name = \"robot\";\u000a    this.pet = cat;\u000a});\u000aapp.service('story', function(place, person){\u000a    return {\u000a        place: place,\u000a        person: person.name,\u000a        pet: person.pet.name\u000a    };\u000a});\u000aapp.invoke(function(story){\u000a    console.log(story);\u000a    /* should be\u000a    {\u000a        place: 'pacific',\u000a        person: 'robot',\u000a        pet: 'white cat'\u000a    };\u000a    */\u000a});\u000a\u000a```\u000a\u000amethods\u000a------\u000a###constant(name, value)\u000a\u000aregister a constant as dependency.\u000a\u000a###service(name, constructor)\u000a\u000aregister a service as dependency. notice you have to pass a function for it. `injecting` will call the constructor and return the instance the first time you inject. It will return the same instance for later use.\u000a\u000a###invoke(fn)\u000a\u000ainvoke a function and automatically inject for its arguments.\u000a\u000a###get(name)\u000a\u000aget a particular injection.\u000a\u000a\u000aLicense\u000a-----\u000aMIT\u000a","readmeFilename":"README.md","gitHead":"c33245fb72c2af1c2fd1bad36c7000efa4fadbe1","bugs":{"url":"https://github.com/ssnau/injecting/issues"},"homepage":"https://github.com/ssnau/injecting","_id":"injecting@1.0.3","_shasum":"8e484cf72126f9f798ec14998970e608be4b57ca","_from":".","_npmVersion":"1.4.23","_npmUser":{"name":"ssnau","email":"korige@gmail.com"},"maintainers":[{"name":"ssnau","email":"korige@gmail.com"}],"dist":{"shasum":"8e484cf72126f9f798ec14998970e608be4b57ca","tarball":"http://registry.npmjs.org/injecting/-/injecting-1.0.3.tgz"}}: injecting
41 error     at RegClient.<anonymous> (/usr/local/lib/node_modules/npm/node_modules/npm-registry-client/lib/request.js:300:14)
41 error     at Request._callback (/usr/local/lib/node_modules/npm/node_modules/npm-registry-client/lib/request.js:238:65)
41 error     at Request.self.callback (/usr/local/lib/node_modules/npm/node_modules/request/request.js:123:22)
41 error     at Request.emit (events.js:98:17)
41 error     at Request.<anonymous> (/usr/local/lib/node_modules/npm/node_modules/request/request.js:893:14)
41 error     at Request.emit (events.js:117:20)
41 error     at IncomingMessage.<anonymous> (/usr/local/lib/node_modules/npm/node_modules/request/request.js:844:12)
41 error     at IncomingMessage.emit (events.js:117:20)
41 error     at _stream_readable.js:943:16
41 error     at process._tickCallback (node.js:419:13)
42 error If you need help, you may report this *entire* log,
42 error including the npm and node versions, at:
42 error     <http://github.com/npm/npm/issues>
43 error System Darwin 14.0.0
44 error command "node" "/usr/local/bin/npm" "publish"
45 error cwd /Users/liuxijin/project/injectify
46 error node -v v0.10.31
47 error npm -v 1.4.23
48 verbose exit [ 1, true ]
